This file contains any messages produced by compilers while
running configure, to aid debugging if configure makes a mistake.

It was created by configure, which was
generated by GNU Autoconf 2.59.  Invocation command line was

  $ ./configure 

## --------- ##
## Platform. ##
## --------- ##

hostname = chome
uname -m = i686
uname -r = 2.6.15-26-386
uname -s = Linux
uname -v = #1 PREEMPT Thu Aug 3 02:52:00 UTC 2006

/usr/bin/uname -p = unknown
/bin/uname -X     = unknown

/bin/arch              = i686
/usr/bin/arch -k       = unknown
/usr/convex/getsysinfo = unknown
hostinfo               = unknown
/bin/machine           = unknown
/usr/bin/oslevel       = unknown
/bin/universe          = unknown

PATH: /usr/local/sbin
PATH: /usr/local/bin
PATH: /usr/sbin
PATH: /usr/bin
PATH: /sbin
PATH: /bin
PATH: /usr/bin/X11
PATH: /usr/games


## ----------- ##
## Core tests. ##
## ----------- ##

configure:1334: checking for gcc
configure:1350: found /usr/bin/gcc
configure:1360: result: gcc
configure:1604: checking for C compiler version
configure:1607: gcc --version </dev/null >&5
gcc (GCC) 4.0.3 (Ubuntu 4.0.3-1ubuntu5)
Copyright (C) 2006 Free Software Foundation, Inc.
This is free software; see the source for copying conditions.  There is NO
warranty; not even for MERCHANTABILITY or FITNESS FOR A PARTICULAR PURPOSE.

configure:1610: $? = 0
configure:1612: gcc -v </dev/null >&5
Using built-in specs.
Target: i486-linux-gnu
Configured with: ../src/configure -v --enable-languages=c,c++,java,f95,objc,ada,treelang --prefix=/usr --enable-shared --with-system-zlib --libexecdir=/usr/lib --without-included-gettext --enable-threads=posix --enable-nls --program-suffix=-4.0 --enable-__cxa_atexit --enable-clocale=gnu --enable-libstdcxx-debug --enable-java-awt=gtk-default --enable-gtk-cairo --with-java-home=/usr/lib/jvm/java-1.4.2-gcj-4.0-1.4.2.0/jre --enable-mpfr --disable-werror --with-tune=pentium4 --enable-checking=release i486-linux-gnu
Thread model: posix
gcc version 4.0.3 (Ubuntu 4.0.3-1ubuntu5)
configure:1615: $? = 0
configure:1617: gcc -V </dev/null >&5
gcc: '-V' option must have argument
configure:1620: $? = 1
configure:1643: checking for C compiler default output file name
configure:1646: gcc    conftest.c  >&5
configure:1649: $? = 0
configure:1695: result: a.out
configure:1700: checking whether the C compiler works
configure:1706: ./a.out
configure:1709: $? = 0
configure:1726: result: yes
configure:1733: checking whether we are cross compiling
configure:1735: result: no
configure:1738: checking for suffix of executables
configure:1740: gcc -o conftest    conftest.c  >&5
configure:1743: $? = 0
configure:1768: result: 
configure:1774: checking for suffix of object files
configure:1795: gcc -c   conftest.c >&5
configure:1798: $? = 0
configure:1820: result: o
configure:1824: checking whether we are using the GNU C compiler
configure:1848: gcc -c   conftest.c >&5
configure:1854: $? = 0
configure:1857: test -z 			 || test ! -s conftest.err
configure:1860: $? = 0
configure:1863: test -s conftest.o
configure:1866: $? = 0
configure:1879: result: yes
configure:1885: checking whether gcc accepts -g
configure:1906: gcc -c -g  conftest.c >&5
configure:1912: $? = 0
configure:1915: test -z 			 || test ! -s conftest.err
configure:1918: $? = 0
configure:1921: test -s conftest.o
configure:1924: $? = 0
configure:1935: result: yes
configure:1952: checking for gcc option to accept ANSI C
configure:2022: gcc  -c -g -O2  conftest.c >&5
configure:2028: $? = 0
configure:2031: test -z 			 || test ! -s conftest.err
configure:2034: $? = 0
configure:2037: test -s conftest.o
configure:2040: $? = 0
configure:2058: result: none needed
configure:2076: gcc -c -g -O2  conftest.c >&5
conftest.c:2: error: syntax error before 'me'
configure:2082: $? = 1
configure: failed program was:
| #ifndef __cplusplus
|   choke me
| #endif
configure:2253: checking for ranlib
configure:2269: found /usr/bin/ranlib
configure:2280: result: ranlib
configure:2295: checking for ar
configure:2313: found /usr/bin/ar
configure:2326: result: /usr/bin/ar
configure:2343: checking for sf_open in -lsndfile
configure:2373: gcc -o conftest -g -O2   conftest.c -lsndfile   >&5
/usr/bin/ld: cannot find -lsndfile
collect2: ld returned 1 exit status
configure:2379: $? = 1
configure: failed program was:
| /* confdefs.h.  */
| 
| #define PACKAGE_NAME ""
| #define PACKAGE_TARNAME ""
| #define PACKAGE_VERSION ""
| #define PACKAGE_STRING ""
| #define PACKAGE_BUGREPORT ""
| /* end confdefs.h.  */
| 
| /* Override any gcc2 internal prototype to avoid an error.  */
| #ifdef __cplusplus
| extern "C"
| #endif
| /* We use char because int might match the return type of a gcc2
|    builtin and then its argument prototype would still apply.  */
| char sf_open ();
| int
| main ()
| {
| sf_open ();
|   ;
|   return 0;
| }
configure:2404: result: no
configure:2417: checking for src_simple in -lsamplerate
configure:2447: gcc -o conftest -g -O2   conftest.c -lsamplerate   >&5
/usr/bin/ld: cannot find -lsamplerate
collect2: ld returned 1 exit status
configure:2453: $? = 1
configure: failed program was:
| /* confdefs.h.  */
| 
| #define PACKAGE_NAME ""
| #define PACKAGE_TARNAME ""
| #define PACKAGE_VERSION ""
| #define PACKAGE_STRING ""
| #define PACKAGE_BUGREPORT ""
| /* end confdefs.h.  */
| 
| /* Override any gcc2 internal prototype to avoid an error.  */
| #ifdef __cplusplus
| extern "C"
| #endif
| /* We use char because int might match the return type of a gcc2
|    builtin and then its argument prototype would still apply.  */
| char src_simple ();
| int
| main ()
| {
| src_simple ();
|   ;
|   return 0;
| }
configure:2478: result: no
configure:2496: checking how to run the C preprocessor
configure:2531: gcc -E  conftest.c
configure:2537: $? = 0
configure:2569: gcc -E  conftest.c
conftest.c:9:28: error: ac_nonexistent.h: No such file or directory
configure:2575: $? = 1
configure: failed program was:
| /* confdefs.h.  */
| 
| #define PACKAGE_NAME ""
| #define PACKAGE_TARNAME ""
| #define PACKAGE_VERSION ""
| #define PACKAGE_STRING ""
| #define PACKAGE_BUGREPORT ""
| /* end confdefs.h.  */
| #include <ac_nonexistent.h>
configure:2614: result: gcc -E
configure:2638: gcc -E  conftest.c
configure:2644: $? = 0
configure:2676: gcc -E  conftest.c
conftest.c:9:28: error: ac_nonexistent.h: No such file or directory
configure:2682: $? = 1
configure: failed program was:
| /* confdefs.h.  */
| 
| #define PACKAGE_NAME ""
| #define PACKAGE_TARNAME ""
| #define PACKAGE_VERSION ""
| #define PACKAGE_STRING ""
| #define PACKAGE_BUGREPORT ""
| /* end confdefs.h.  */
| #include <ac_nonexistent.h>
configure:2726: checking for egrep
configure:2736: result: grep -E
configure:2741: checking for ANSI C header files
configure:2766: gcc -c -g -O2  conftest.c >&5
configure:2772: $? = 0
configure:2775: test -z 			 || test ! -s conftest.err
configure:2778: $? = 0
configure:2781: test -s conftest.o
configure:2784: $? = 0
configure:2873: gcc -o conftest -g -O2   conftest.c  >&5
conftest.c: In function 'main':
conftest.c:26: warning: incompatible implicit declaration of built-in function 'exit'
configure:2876: $? = 0
configure:2878: ./conftest
configure:2881: $? = 0
configure:2896: result: yes
configure:2920: checking for sys/types.h
configure:2936: gcc -c -g -O2  conftest.c >&5
configure:2942: $? = 0
configure:2945: test -z 			 || test ! -s conftest.err
configure:2948: $? = 0
configure:2951: test -s conftest.o
configure:2954: $? = 0
configure:2965: result: yes
configure:2920: checking for sys/stat.h
configure:2936: gcc -c -g -O2  conftest.c >&5
configure:2942: $? = 0
configure:2945: test -z 			 || test ! -s conftest.err
configure:2948: $? = 0
configure:2951: test -s conftest.o
configure:2954: $? = 0
configure:2965: result: yes
configure:2920: checking for stdlib.h
configure:2936: gcc -c -g -O2  conftest.c >&5
configure:2942: $? = 0
configure:2945: test -z 			 || test ! -s conftest.err
configure:2948: $? = 0
configure:2951: test -s conftest.o
configure:2954: $? = 0
configure:2965: result: yes
configure:2920: checking for string.h
configure:2936: gcc -c -g -O2  conftest.c >&5
configure:2942: $? = 0
configure:2945: test -z 			 || test ! -s conftest.err
configure:2948: $? = 0
configure:2951: test -s conftest.o
configure:2954: $? = 0
configure:2965: result: yes
configure:2920: checking for memory.h
configure:2936: gcc -c -g -O2  conftest.c >&5
configure:2942: $? = 0
configure:2945: test -z 			 || test ! -s conftest.err
configure:2948: $? = 0
configure:2951: test -s conftest.o
configure:2954: $? = 0
configure:2965: result: yes
configure:2920: checking for strings.h
configure:2936: gcc -c -g -O2  conftest.c >&5
configure:2942: $? = 0
configure:2945: test -z 			 || test ! -s conftest.err
configure:2948: $? = 0
configure:2951: test -s conftest.o
configure:2954: $? = 0
configure:2965: result: yes
configure:2920: checking for inttypes.h
configure:2936: gcc -c -g -O2  conftest.c >&5
configure:2942: $? = 0
configure:2945: test -z 			 || test ! -s conftest.err
configure:2948: $? = 0
configure:2951: test -s conftest.o
configure:2954: $? = 0
configure:2965: result: yes
configure:2920: checking for stdint.h
configure:2936: gcc -c -g -O2  conftest.c >&5
configure:2942: $? = 0
configure:2945: test -z 			 || test ! -s conftest.err
configure:2948: $? = 0
configure:2951: test -s conftest.o
configure:2954: $? = 0
configure:2965: result: yes
configure:2920: checking for unistd.h
configure:2936: gcc -c -g -O2  conftest.c >&5
configure:2942: $? = 0
configure:2945: test -z 			 || test ! -s conftest.err
configure:2948: $? = 0
configure:2951: test -s conftest.o
configure:2954: $? = 0
configure:2965: result: yes
configure:2982: checking for inttypes.h
configure:2987: result: yes
configure:3225: creating ./config.status

## ---------------------- ##
## Running config.status. ##
## ---------------------- ##

This file was extended by config.status, which was
generated by GNU Autoconf 2.59.  Invocation command line was

  CONFIG_FILES    = 
  CONFIG_HEADERS  = 
  CONFIG_LINKS    = 
  CONFIG_COMMANDS = 
  $ ./config.status 

on chome

config.status:684: creating Makefile
config.status:749: creating src/config.h
config.status:853: src/config.h is unchanged

## ---------------- ##
## Cache variables. ##
## ---------------- ##

ac_cv_c_compiler_gnu=yes
ac_cv_env_CC_set=
ac_cv_env_CC_value=
ac_cv_env_CFLAGS_set=
ac_cv_env_CFLAGS_value=
ac_cv_env_CPPFLAGS_set=
ac_cv_env_CPPFLAGS_value=
ac_cv_env_CPP_set=
ac_cv_env_CPP_value=
ac_cv_env_LDFLAGS_set=
ac_cv_env_LDFLAGS_value=
ac_cv_env_build_alias_set=
ac_cv_env_build_alias_value=
ac_cv_env_host_alias_set=
ac_cv_env_host_alias_value=
ac_cv_env_target_alias_set=
ac_cv_env_target_alias_value=
ac_cv_exeext=
ac_cv_header_inttypes_h=yes
ac_cv_header_memory_h=yes
ac_cv_header_stdc=yes
ac_cv_header_stdint_h=yes
ac_cv_header_stdlib_h=yes
ac_cv_header_string_h=yes
ac_cv_header_strings_h=yes
ac_cv_header_sys_stat_h=yes
ac_cv_header_sys_types_h=yes
ac_cv_header_unistd_h=yes
ac_cv_lib_samplerate_src_simple=no
ac_cv_lib_sndfile_sf_open=no
ac_cv_objext=o
ac_cv_path_AR=/usr/bin/ar
ac_cv_prog_CPP='gcc -E'
ac_cv_prog_ac_ct_CC=gcc
ac_cv_prog_ac_ct_RANLIB=ranlib
ac_cv_prog_cc_g=yes
ac_cv_prog_cc_stdc=
ac_cv_prog_egrep='grep -E'

## ----------------- ##
## Output variables. ##
## ----------------- ##

AR='/usr/bin/ar'
CC='gcc'
CFLAGS='-g -O2'
CPP='gcc -E'
CPPFLAGS=''
DEFS='-DHAVE_CONFIG_H'
ECHO_C=''
ECHO_N='-n'
ECHO_T=''
EGREP='grep -E'
EXEEXT=''
LDFLAGS=''
LIBOBJS=''
LIBS=''
LTLIBOBJS=''
OBJEXT='o'
PACKAGE_BUGREPORT=''
PACKAGE_NAME=''
PACKAGE_STRING=''
PACKAGE_TARNAME=''
PACKAGE_VERSION=''
PATH_SEPARATOR=':'
RANLIB='ranlib'
SHELL='/bin/sh'
TARGETS='libresample.a tests/testresample'
ac_ct_CC='gcc'
ac_ct_RANLIB='ranlib'
bindir='${exec_prefix}/bin'
build_alias=''
datadir='${prefix}/share'
exec_prefix='${prefix}'
host_alias=''
includedir='${prefix}/include'
infodir='${prefix}/info'
libdir='${exec_prefix}/lib'
libexecdir='${exec_prefix}/libexec'
localstatedir='${prefix}/var'
mandir='${prefix}/man'
oldincludedir='/usr/include'
prefix='/usr/local'
program_transform_name='s,x,x,'
sbindir='${exec_prefix}/sbin'
sharedstatedir='${prefix}/com'
sysconfdir='${prefix}/etc'
target_alias=''

## ----------- ##
## confdefs.h. ##
## ----------- ##

#define HAVE_INTTYPES_H 1
#define HAVE_INTTYPES_H 1
#define HAVE_MEMORY_H 1
#define HAVE_STDINT_H 1
#define HAVE_STDLIB_H 1
#define HAVE_STRINGS_H 1
#define HAVE_STRING_H 1
#define HAVE_SYS_STAT_H 1
#define HAVE_SYS_TYPES_H 1
#define HAVE_UNISTD_H 1
#define PACKAGE_BUGREPORT ""
#define PACKAGE_NAME ""
#define PACKAGE_STRING ""
#define PACKAGE_TARNAME ""
#define PACKAGE_VERSION ""
#define STDC_HEADERS 1

configure: exit 0
